Turbo Assembler	 Version 4.1	    02/18/20 10:27:08	    Page 1
str.asm



      1	0000			     .model tiny
      2				     local @@
      3	0000			     .data
      4	0000  48 65 6C 6C 6F 63	00+  s1	db 'Helloc', 0,'$'
      5	      24
      6	0008  64 65 72 00 24	     s2	db 'der', 0,'$'
      7	000D			     .code
      8				     org 100h
      9	0100			     Start:
     10
     11	0100  1E				     push ds
     12	0101  07				     pop es
     13	0102  BE 0000r				     lea si, s1
     14	0105  BF 0008r				     lea di, s2
     15
     16
     17	0108  E8 0042				     call strlen
     18
     19						     ;mov ah, 09h
     20						     ;mov dx, offset s2
     21						     ;int 21h
     22	010B  8A C2				     mov al, dl
     23	010D  B4 0E				     mov ah, 0eh
     24	010F  CD 10				     int 10h
     25
     26	0111  B8 4C00				     mov ax, 4c00h
     27	0114  CD 21				     int 21h
     28
     29				     ;====================================================================
     30				     ; Search the first	entering of char
     31				     ; Entery: AL - char for search
     32				     ;	       ES:DI - full address of a string
     33				     ; Exit:   DI -> next after	the first entering of a	char OR	a primary
     34				     ;	value of DI if not found
     35				     ; Destroy:	CX
     36				     ;====================================================================
     37	0116			     strchr proc
     38	0116  8B CF				     mov cx, di
     39	0118  FC				     cld
     40	0119  AE		     @@L1:	     scasb
     41	011A  74 08				     je	@@Exit
     42	011C  26: 80 3D	00			     cmp byte ptr es:[di], 0
     43	0120  74 03				     je	@@Next1
     44	0122  EB F5				     jmp @@L1
     45	0124  C3		     @@Exit:	     ret
     46
     47	0125  8B F9		     @@Next1:	     mov di, cx
     48
     49	0127  C3				     ret
     50	0128			     strchr endp
     51				     ;====================================================================
     52				     ; Compare two strings
     53				     ; Entery:	DS:SI the address of the first string
     54				     ;		ES:DI the address of the second	string
     55				     ; Exit:	AL == 0	if equal
     56				     ;		AL == 1	 if the	first greater
     57				     ;		AL == 2	 if the	second
Turbo Assembler	 Version 4.1	    02/18/20 10:27:08	    Page 2
str.asm



     58				     ; Destroy:	AL, SI,	DI
     59				     ;=====================================================================
     60	0128			     strcmp proc
     61	0128  FC				     cld
     62	0129  26: 80 3D	00	     @@L2:	     cmp byte ptr es:[di], 0
     63	012D  74 0C				     je	@@Next
     64	012F  80 3C 00				     cmp byte ptr ds:[si], 0
     65	0132  74 07				     je	@@Next
     66	0134  A6				     cmpsb
     67	0135  74 F2				     je	@@L2
     68	0137  77 11				     ja	@@Greater
     69	0139  72 05				     jb	@@NotGr
     70
     71	013B  A6		     @@Next:	     cmpsb
     72	013C  74 07				     je	@@Equal
     73	013E  77 0A				     ja	@@Greater
     74	0140  B0 02		     @@NotGr:	     mov al, 2
     75	0142  EB 08 90				     jmp @@End
     76
     77	0145  B0 00		     @@Equal:	     mov al, 0
     78	0147  EB 03 90				     jmp @@End
     79
     80	014A  B0 01		     @@Greater:	     mov al, 1
     81
     82	014C  C3		     @@End:	     ret
     83	014D			     strcmp endp
     84
     85				     ;=====================================================================
     86				     ; Count length of a string
     87				     ; Entery:	     ES:DI - address of	string
     88				     ; Destroy:	DI, AL
     89				     ; Exit:	     DX	- length of string without 0-symbol
     90				     ;======================================================================
     91	014D			     strlen	     proc
     92	014D  BA 0000				     mov dx, 0
     93	0150  B0 00				     mov al, 0
     94	0152  42		     L4:	     inc dx
     95	0153  AE				     scasb
     96	0154  75 FC				     jne L4
     97	0156  4A				     dec dx
     98	0157  C3				     ret
     99	0158			     strlen	     endp
    100				     ;======================================================================
    101				     ; Copy string (DS:SI) to string (ES:DI)
    102				     ; Entery: DS:SI - address of string1
    103				     ;	       ES:DI - address of string2
    104				     ; Destroy:	SI, DI
    105				     ;======================================================================
    106	0158			     strcpy	     proc
    107	0158  FC				     cld
    108	0159  A4		     L3:	     movsb
    109	015A  80 3C 00				     cmp byte ptr ds:[si], 0
    110	015D  74 08				     je	@@Ex
    111	015F  26: 80 3D	00			     cmp byte ptr es:[di], 0
    112	0163  74 02				     je	@@Ex
    113	0165  EB F2				     jmp L3
    114	0167  A4		     @@Ex:	     movsb
Turbo Assembler	 Version 4.1	    02/18/20 10:27:08	    Page 3
str.asm



    115	0168  C3				     ret
    116	0169			     strcpy	     endp
    117				     end	     Start
Turbo Assembler	 Version 4.1	    02/18/20 10:27:08	    Page 4
Symbol Table




Symbol Name			  Type	 Value

??DATE				  Text	 "02/18/20"
??FILENAME			  Text	 "str	  "
??TIME				  Text	 "10:27:08"
??VERSION			  Number 040A
@32BIT				  Text	 0
@@				  Number [DGROUP:BP-0002]
@@END				  Near	 DGROUP:014C
@@EQUAL				  Near	 DGROUP:0145
@@EX				  Near	 DGROUP:0167
@@EXIT				  Near	 DGROUP:0124
@@GREATER			  Near	 DGROUP:014A
@@L1				  Near	 DGROUP:0119
@@L2				  Near	 DGROUP:0129
@@NEXT				  Near	 DGROUP:013B
@@NEXT1				  Near	 DGROUP:0125
@@NOTGR				  Near	 DGROUP:0140
@CODE				  Text	 DGROUP
@CODESIZE			  Text	 0
@CPU				  Text	 0101H
@CURSEG				  Text	 _TEXT
@DATA				  Text	 DGROUP
@DATASIZE			  Text	 0
@FILENAME			  Text	 STR
@INTERFACE			  Text	 000H
@MODEL				  Text	 1
@STACK				  Text	 DGROUP
@WORDSIZE			  Text	 2
L3				  Near	 DGROUP:0159
L4				  Near	 DGROUP:0152
S1				  Byte	 DGROUP:0000
S2				  Byte	 DGROUP:0008
START				  Near	 DGROUP:0100
STRCHR				  Near	 DGROUP:0116
STRCMP				  Near	 DGROUP:0128
STRCPY				  Near	 DGROUP:0158
STRLEN				  Near	 DGROUP:014D

Groups & Segments		  Bit Size Align  Combine Class

DGROUP				  Group
  _DATA				  16  000D Word	  Public  DATA
  _TEXT				  16  0169 Word	  Public  CODE
